{
  "stats": {
    "suites": 5,
    "tests": 15,
    "passes": 15,
    "pending": 0,
    "failures": 0,
    "testsRegistered": 15,
    "passPercent": 100,
    "pendingPercent": 0,
    "other": 0,
    "hasOther": false,
    "skipped": 0,
    "hasSkipped": false,
    "start": "2025-05-31T22:47:19.007Z",
    "end": "2025-05-31T22:47:51.149Z",
    "duration": 32142
  },
  "results": [
    {
      "uuid": "7e472972-5030-42f3-808a-aa0ca8266b01",
      "title": "",
      "fullFile": "cypress/e2e/form.cy.js",
      "file": "cypress/e2e/form.cy.js",
      "beforeHooks": [],
      "afterHooks": [],
      "tests": [],
      "suites": [
        {
          "uuid": "89c33bbf-8b2e-4984-8774-a52043d17ae0",
          "title": "Practice Form Tests",
          "fullFile": "",
          "file": "",
          "beforeHooks": [],
          "afterHooks": [],
          "tests": [
            {
              "title": "Fills and submits mandatory fields",
              "fullTitle": "Practice Form Tests Fills and submits mandatory fields",
              "timedOut": null,
              "duration": 4409,
              "state": "passed",
              "speed": "fast",
              "pass": true,
              "fail": false,
              "pending": false,
              "context": null,
              "code": "_FormPage.default.fillMandatoryFields();\n_FormPage.default.submitForm();\n_FormPage.default.checkSubmission();",
              "err": {},
              "uuid": "e898d45d-a3f5-4685-bab1-a6588d0e6015",
              "parentUUID": "89c33bbf-8b2e-4984-8774-a52043d17ae0",
              "isHook": false,
              "skipped": false
            }
          ],
          "suites": [],
          "passes": [
            "e898d45d-a3f5-4685-bab1-a6588d0e6015"
          ],
          "failures": [],
          "pending": [],
          "skipped": [],
          "duration": 4409,
          "root": false,
          "rootEmpty": false,
          "_timeout": 2000
        }
      ],
      "passes": [],
      "failures": [],
      "pending": [],
      "skipped": [],
      "duration": 0,
      "root": true,
      "rootEmpty": true,
      "_timeout": 2000
    },
    {
      "uuid": "262a04ec-8345-4abe-b3b3-ff9e6d6fdc60",
      "title": "",
      "fullFile": "cypress/e2e/selectmenu.cy.js",
      "file": "cypress/e2e/selectmenu.cy.js",
      "beforeHooks": [],
      "afterHooks": [],
      "tests": [],
      "suites": [
        {
          "uuid": "f6e976cc-fbf5-4f99-bce7-30a86bdb3476",
          "title": "Select Menu Page Tests",
          "fullFile": "",
          "file": "",
          "beforeHooks": [],
          "afterHooks": [],
          "tests": [
            {
              "title": "Selects Group 2, option 1 from Select Value",
              "fullTitle": "Select Menu Page Tests Selects Group 2, option 1 from Select Value",
              "timedOut": null,
              "duration": 2366,
              "state": "passed",
              "speed": "fast",
              "pass": true,
              "fail": false,
              "pending": false,
              "context": null,
              "code": "_SelectMenuPage.default.selectValueOption();\ncy.get('#withOptGroup').should('contain', 'Group 2, option 1');",
              "err": {},
              "uuid": "6f8841b0-7228-4437-81d2-62a7601b17ec",
              "parentUUID": "f6e976cc-fbf5-4f99-bce7-30a86bdb3476",
              "isHook": false,
              "skipped": false
            },
            {
              "title": "Selects \"Other\" from Select One",
              "fullTitle": "Select Menu Page Tests Selects \"Other\" from Select One",
              "timedOut": null,
              "duration": 941,
              "state": "passed",
              "speed": "fast",
              "pass": true,
              "fail": false,
              "pending": false,
              "context": null,
              "code": "_SelectMenuPage.default.selectOneOption();\ncy.get('#selectOne').should('contain', 'Other');",
              "err": {},
              "uuid": "730014f9-2fde-403c-b6e9-8255c3be452a",
              "parentUUID": "f6e976cc-fbf5-4f99-bce7-30a86bdb3476",
              "isHook": false,
              "skipped": false
            },
            {
              "title": "Selects \"Green\" from Old Style menu",
              "fullTitle": "Select Menu Page Tests Selects \"Green\" from Old Style menu",
              "timedOut": null,
              "duration": 963,
              "state": "passed",
              "speed": "fast",
              "pass": true,
              "fail": false,
              "pending": false,
              "context": null,
              "code": "_SelectMenuPage.default.selectOldStyleOption();\ncy.get('#oldSelectMenu').find('option:selected').should('contain', 'Green');",
              "err": {},
              "uuid": "d85e9113-6312-4191-b9e4-70d13b97ad1e",
              "parentUUID": "f6e976cc-fbf5-4f99-bce7-30a86bdb3476",
              "isHook": false,
              "skipped": false
            },
            {
              "title": "Selects \"Black\" and \"Blue\" from Multiselect",
              "fullTitle": "Select Menu Page Tests Selects \"Black\" and \"Blue\" from Multiselect",
              "timedOut": null,
              "duration": 1166,
              "state": "passed",
              "speed": "fast",
              "pass": true,
              "fail": false,
              "pending": false,
              "context": null,
              "code": "_SelectMenuPage.default.selectMultiOptions();\ncy.contains('div', 'Black').should('exist');\ncy.contains('div', 'Blue').should('exist');",
              "err": {},
              "uuid": "f4382810-a2b1-458a-aaa8-acd80f880af2",
              "parentUUID": "f6e976cc-fbf5-4f99-bce7-30a86bdb3476",
              "isHook": false,
              "skipped": false
            }
          ],
          "suites": [],
          "passes": [
            "6f8841b0-7228-4437-81d2-62a7601b17ec",
            "730014f9-2fde-403c-b6e9-8255c3be452a",
            "d85e9113-6312-4191-b9e4-70d13b97ad1e",
            "f4382810-a2b1-458a-aaa8-acd80f880af2"
          ],
          "failures": [],
          "pending": [],
          "skipped": [],
          "duration": 5436,
          "root": false,
          "rootEmpty": false,
          "_timeout": 2000
        }
      ],
      "passes": [],
      "failures": [],
      "pending": [],
      "skipped": [],
      "duration": 0,
      "root": true,
      "rootEmpty": true,
      "_timeout": 2000
    },
    {
      "uuid": "a57755a8-ba32-41e6-a0a7-a6ac050fa5f7",
      "title": "",
      "fullFile": "cypress/e2e/textbox.cy.js",
      "file": "cypress/e2e/textbox.cy.js",
      "beforeHooks": [],
      "afterHooks": [],
      "tests": [],
      "suites": [
        {
          "uuid": "53424098-8e3e-4783-b544-0ace33c6648c",
          "title": "Text Box Tests",
          "fullFile": "",
          "file": "",
          "beforeHooks": [],
          "afterHooks": [],
          "tests": [
            {
              "title": "Fills form and checks displayed result",
              "fullTitle": "Text Box Tests Fills form and checks displayed result",
              "timedOut": null,
              "duration": 3847,
              "state": "passed",
              "speed": "fast",
              "pass": true,
              "fail": false,
              "pending": false,
              "context": null,
              "code": "_TextBoxPage.default.fillForm();\n_TextBoxPage.default.checkResult();",
              "err": {},
              "uuid": "603b38b3-ed84-422a-80cd-22725118386b",
              "parentUUID": "53424098-8e3e-4783-b544-0ace33c6648c",
              "isHook": false,
              "skipped": false
            }
          ],
          "suites": [],
          "passes": [
            "603b38b3-ed84-422a-80cd-22725118386b"
          ],
          "failures": [],
          "pending": [],
          "skipped": [],
          "duration": 3847,
          "root": false,
          "rootEmpty": false,
          "_timeout": 2000
        }
      ],
      "passes": [],
      "failures": [],
      "pending": [],
      "skipped": [],
      "duration": 0,
      "root": true,
      "rootEmpty": true,
      "_timeout": 2000
    },
    {
      "uuid": "5e8bc518-5ead-415a-b88b-33c593660a55",
      "title": "",
      "fullFile": "cypress/e2e/tooltips.cy.js",
      "file": "cypress/e2e/tooltips.cy.js",
      "beforeHooks": [],
      "afterHooks": [],
      "tests": [],
      "suites": [
        {
          "uuid": "e0806104-0b2f-4002-b435-47d5596ec852",
          "title": "Tooltips Page Tests",
          "fullFile": "",
          "file": "",
          "beforeHooks": [],
          "afterHooks": [],
          "tests": [
            {
              "title": "Shows tooltip on hover over button",
              "fullTitle": "Tooltips Page Tests Shows tooltip on hover over button",
              "timedOut": null,
              "duration": 2112,
              "state": "passed",
              "speed": "fast",
              "pass": true,
              "fail": false,
              "pending": false,
              "context": null,
              "code": "_ToolTipsPage.default.hoverOnButton();\n_ToolTipsPage.default.getTooltip().should('contain', 'You hovered over the Button');",
              "err": {},
              "uuid": "07e0e30c-d3d6-48a6-876d-ea0f47048f60",
              "parentUUID": "e0806104-0b2f-4002-b435-47d5596ec852",
              "isHook": false,
              "skipped": false
            },
            {
              "title": "Shows tooltip on hover over text field",
              "fullTitle": "Tooltips Page Tests Shows tooltip on hover over text field",
              "timedOut": null,
              "duration": 1064,
              "state": "passed",
              "speed": "fast",
              "pass": true,
              "fail": false,
              "pending": false,
              "context": null,
              "code": "_ToolTipsPage.default.hoverOnTextField();\n_ToolTipsPage.default.getTooltip().should('contain', 'You hovered over the text field');",
              "err": {},
              "uuid": "35e757e2-3be3-45bc-a045-e0521b08c0b9",
              "parentUUID": "e0806104-0b2f-4002-b435-47d5596ec852",
              "isHook": false,
              "skipped": false
            },
            {
              "title": "Shows tooltip on hover over \"Contrary\" link",
              "fullTitle": "Tooltips Page Tests Shows tooltip on hover over \"Contrary\" link",
              "timedOut": null,
              "duration": 1026,
              "state": "passed",
              "speed": "fast",
              "pass": true,
              "fail": false,
              "pending": false,
              "context": null,
              "code": "_ToolTipsPage.default.hoverOnContraryLink();\n_ToolTipsPage.default.getTooltip().should('contain', 'You hovered over the Contrary');",
              "err": {},
              "uuid": "8d1bfe0d-b3ea-4b93-9601-3785bf3a91a3",
              "parentUUID": "e0806104-0b2f-4002-b435-47d5596ec852",
              "isHook": false,
              "skipped": false
            },
            {
              "title": "Shows tooltip on hover over \"1.10.32\" link",
              "fullTitle": "Tooltips Page Tests Shows tooltip on hover over \"1.10.32\" link",
              "timedOut": null,
              "duration": 1031,
              "state": "passed",
              "speed": "fast",
              "pass": true,
              "fail": false,
              "pending": false,
              "context": null,
              "code": "_ToolTipsPage.default.hoverOnSectionLink();\n_ToolTipsPage.default.getTooltip().should('contain', 'You hovered over the 1.10.32');",
              "err": {},
              "uuid": "9e3ab28c-3f86-4911-806c-242dab6f3bb4",
              "parentUUID": "e0806104-0b2f-4002-b435-47d5596ec852",
              "isHook": false,
              "skipped": false
            }
          ],
          "suites": [],
          "passes": [
            "07e0e30c-d3d6-48a6-876d-ea0f47048f60",
            "35e757e2-3be3-45bc-a045-e0521b08c0b9",
            "8d1bfe0d-b3ea-4b93-9601-3785bf3a91a3",
            "9e3ab28c-3f86-4911-806c-242dab6f3bb4"
          ],
          "failures": [],
          "pending": [],
          "skipped": [],
          "duration": 5233,
          "root": false,
          "rootEmpty": false,
          "_timeout": 2000
        }
      ],
      "passes": [],
      "failures": [],
      "pending": [],
      "skipped": [],
      "duration": 0,
      "root": true,
      "rootEmpty": true,
      "_timeout": 2000
    },
    {
      "uuid": "2e0bb728-bba2-4aa5-a348-6d40414e3464",
      "title": "",
      "fullFile": "cypress/e2e/alerts.cy.js",
      "file": "cypress/e2e/alerts.cy.js",
      "beforeHooks": [],
      "afterHooks": [],
      "tests": [],
      "suites": [
        {
          "uuid": "23e65339-67c0-44df-8116-c0f0d1a80976",
          "title": "Alerts Page Tests",
          "fullFile": "",
          "file": "",
          "beforeHooks": [],
          "afterHooks": [],
          "tests": [
            {
              "title": "Handles simple alert",
              "fullTitle": "Alerts Page Tests Handles simple alert",
              "timedOut": null,
              "duration": 2220,
              "state": "passed",
              "speed": "fast",
              "pass": true,
              "fail": false,
              "pending": false,
              "context": null,
              "code": "_AlertsPage.default.clickAlertButton();\ncy.on('window:alert', str => {\n  expect(str).to.equal('You clicked a button');\n});",
              "err": {},
              "uuid": "aaff4772-be60-4a0a-9ddd-2e740f506a82",
              "parentUUID": "23e65339-67c0-44df-8116-c0f0d1a80976",
              "isHook": false,
              "skipped": false
            },
            {
              "title": "Handles confirm alert - OK",
              "fullTitle": "Alerts Page Tests Handles confirm alert - OK",
              "timedOut": null,
              "duration": 782,
              "state": "passed",
              "speed": "fast",
              "pass": true,
              "fail": false,
              "pending": false,
              "context": null,
              "code": "cy.window().then(win => {\n  cy.stub(win, 'confirm').returns(true);\n});\n_AlertsPage.default.clickConfirmButton();\ncy.get('#confirmResult').should('contain', 'You selected Ok');",
              "err": {},
              "uuid": "7ec0ed47-a7dd-43c8-8cff-ff0510642aef",
              "parentUUID": "23e65339-67c0-44df-8116-c0f0d1a80976",
              "isHook": false,
              "skipped": false
            },
            {
              "title": "Handles confirm alert - Cancel",
              "fullTitle": "Alerts Page Tests Handles confirm alert - Cancel",
              "timedOut": null,
              "duration": 685,
              "state": "passed",
              "speed": "fast",
              "pass": true,
              "fail": false,
              "pending": false,
              "context": null,
              "code": "cy.window().then(win => {\n  cy.stub(win, 'confirm').returns(false);\n});\n_AlertsPage.default.clickConfirmButton();\ncy.get('#confirmResult').should('contain', 'You selected Cancel');",
              "err": {},
              "uuid": "93c8b936-729c-477f-b0d3-812e8346b434",
              "parentUUID": "23e65339-67c0-44df-8116-c0f0d1a80976",
              "isHook": false,
              "skipped": false
            },
            {
              "title": "Handles prompt alert",
              "fullTitle": "Alerts Page Tests Handles prompt alert",
              "timedOut": null,
              "duration": 832,
              "state": "passed",
              "speed": "fast",
              "pass": true,
              "fail": false,
              "pending": false,
              "context": null,
              "code": "const inputText = 'Cypress Test';\ncy.window().then(win => {\n  cy.stub(win, 'prompt').returns(inputText);\n});\n_AlertsPage.default.clickPromptButton();\ncy.get('#promptResult').should('contain', inputText);",
              "err": {},
              "uuid": "6e099c7d-7064-4266-99f3-4d7f41fcce7e",
              "parentUUID": "23e65339-67c0-44df-8116-c0f0d1a80976",
              "isHook": false,
              "skipped": false
            },
            {
              "title": "Handles delayed alert",
              "fullTitle": "Alerts Page Tests Handles delayed alert",
              "timedOut": null,
              "duration": 851,
              "state": "passed",
              "speed": "fast",
              "pass": true,
              "fail": false,
              "pending": false,
              "context": null,
              "code": "_AlertsPage.default.clickTimerButton();\ncy.on('window:alert', str => {\n  expect(str).to.equal('This alert appeared after 5 seconds');\n});",
              "err": {},
              "uuid": "6aed0e35-82ae-4a0e-ac5a-806be198f631",
              "parentUUID": "23e65339-67c0-44df-8116-c0f0d1a80976",
              "isHook": false,
              "skipped": false
            }
          ],
          "suites": [],
          "passes": [
            "aaff4772-be60-4a0a-9ddd-2e740f506a82",
            "7ec0ed47-a7dd-43c8-8cff-ff0510642aef",
            "93c8b936-729c-477f-b0d3-812e8346b434",
            "6e099c7d-7064-4266-99f3-4d7f41fcce7e",
            "6aed0e35-82ae-4a0e-ac5a-806be198f631"
          ],
          "failures": [],
          "pending": [],
          "skipped": [],
          "duration": 5370,
          "root": false,
          "rootEmpty": false,
          "_timeout": 2000
        }
      ],
      "passes": [],
      "failures": [],
      "pending": [],
      "skipped": [],
      "duration": 0,
      "root": true,
      "rootEmpty": true,
      "_timeout": 2000
    }
  ],
  "meta": {
    "mocha": {
      "version": "7.2.0"
    },
    "mochawesome": {
      "options": {
        "quiet": false,
        "reportFilename": "mochawesome",
        "saveHtml": false,
        "saveJson": true,
        "consoleReporter": "spec",
        "useInlineDiffs": false,
        "code": true
      },
      "version": "7.1.3"
    },
    "marge": {
      "options": {
        "reportDir": "cypress/reports/mochawesome",
        "overwrite": false,
        "html": false,
        "json": true
      },
      "version": "6.2.0"
    }
  }
}