{
  "stats": {
    "suites": 1,
    "tests": 4,
    "passes": 4,
    "pending": 0,
    "failures": 0,
    "start": "2025-05-31T22:47:32.608Z",
    "end": "2025-05-31T22:47:38.959Z",
    "duration": 6351,
    "testsRegistered": 4,
    "passPercent": 100,
    "pendingPercent": 0,
    "other": 0,
    "hasOther": false,
    "skipped": 0,
    "hasSkipped": false
  },
  "results": [
    {
      "uuid": "262a04ec-8345-4abe-b3b3-ff9e6d6fdc60",
      "title": "",
      "fullFile": "cypress/e2e/selectmenu.cy.js",
      "file": "cypress/e2e/selectmenu.cy.js",
      "beforeHooks": [],
      "afterHooks": [],
      "tests": [],
      "suites": [
        {
          "uuid": "f6e976cc-fbf5-4f99-bce7-30a86bdb3476",
          "title": "Select Menu Page Tests",
          "fullFile": "",
          "file": "",
          "beforeHooks": [],
          "afterHooks": [],
          "tests": [
            {
              "title": "Selects Group 2, option 1 from Select Value",
              "fullTitle": "Select Menu Page Tests Selects Group 2, option 1 from Select Value",
              "timedOut": null,
              "duration": 2366,
              "state": "passed",
              "speed": "fast",
              "pass": true,
              "fail": false,
              "pending": false,
              "context": null,
              "code": "_SelectMenuPage.default.selectValueOption();\ncy.get('#withOptGroup').should('contain', 'Group 2, option 1');",
              "err": {},
              "uuid": "6f8841b0-7228-4437-81d2-62a7601b17ec",
              "parentUUID": "f6e976cc-fbf5-4f99-bce7-30a86bdb3476",
              "isHook": false,
              "skipped": false
            },
            {
              "title": "Selects \"Other\" from Select One",
              "fullTitle": "Select Menu Page Tests Selects \"Other\" from Select One",
              "timedOut": null,
              "duration": 941,
              "state": "passed",
              "speed": "fast",
              "pass": true,
              "fail": false,
              "pending": false,
              "context": null,
              "code": "_SelectMenuPage.default.selectOneOption();\ncy.get('#selectOne').should('contain', 'Other');",
              "err": {},
              "uuid": "730014f9-2fde-403c-b6e9-8255c3be452a",
              "parentUUID": "f6e976cc-fbf5-4f99-bce7-30a86bdb3476",
              "isHook": false,
              "skipped": false
            },
            {
              "title": "Selects \"Green\" from Old Style menu",
              "fullTitle": "Select Menu Page Tests Selects \"Green\" from Old Style menu",
              "timedOut": null,
              "duration": 963,
              "state": "passed",
              "speed": "fast",
              "pass": true,
              "fail": false,
              "pending": false,
              "context": null,
              "code": "_SelectMenuPage.default.selectOldStyleOption();\ncy.get('#oldSelectMenu').find('option:selected').should('contain', 'Green');",
              "err": {},
              "uuid": "d85e9113-6312-4191-b9e4-70d13b97ad1e",
              "parentUUID": "f6e976cc-fbf5-4f99-bce7-30a86bdb3476",
              "isHook": false,
              "skipped": false
            },
            {
              "title": "Selects \"Black\" and \"Blue\" from Multiselect",
              "fullTitle": "Select Menu Page Tests Selects \"Black\" and \"Blue\" from Multiselect",
              "timedOut": null,
              "duration": 1166,
              "state": "passed",
              "speed": "fast",
              "pass": true,
              "fail": false,
              "pending": false,
              "context": null,
              "code": "_SelectMenuPage.default.selectMultiOptions();\ncy.contains('div', 'Black').should('exist');\ncy.contains('div', 'Blue').should('exist');",
              "err": {},
              "uuid": "f4382810-a2b1-458a-aaa8-acd80f880af2",
              "parentUUID": "f6e976cc-fbf5-4f99-bce7-30a86bdb3476",
              "isHook": false,
              "skipped": false
            }
          ],
          "suites": [],
          "passes": [
            "6f8841b0-7228-4437-81d2-62a7601b17ec",
            "730014f9-2fde-403c-b6e9-8255c3be452a",
            "d85e9113-6312-4191-b9e4-70d13b97ad1e",
            "f4382810-a2b1-458a-aaa8-acd80f880af2"
          ],
          "failures": [],
          "pending": [],
          "skipped": [],
          "duration": 5436,
          "root": false,
          "rootEmpty": false,
          "_timeout": 2000
        }
      ],
      "passes": [],
      "failures": [],
      "pending": [],
      "skipped": [],
      "duration": 0,
      "root": true,
      "rootEmpty": true,
      "_timeout": 2000
    }
  ],
  "meta": {
    "mocha": {
      "version": "7.2.0"
    },
    "mochawesome": {
      "options": {
        "quiet": false,
        "reportFilename": "mochawesome",
        "saveHtml": false,
        "saveJson": true,
        "consoleReporter": "spec",
        "useInlineDiffs": false,
        "code": true
      },
      "version": "7.1.3"
    },
    "marge": {
      "options": {
        "reportDir": "cypress/reports/mochawesome",
        "overwrite": false,
        "html": false,
        "json": true
      },
      "version": "6.2.0"
    }
  }
}