{
  "stats": {
    "suites": 1,
    "tests": 5,
    "passes": 5,
    "pending": 0,
    "failures": 0,
    "start": "2025-05-31T22:47:19.007Z",
    "end": "2025-05-31T22:47:25.451Z",
    "duration": 6444,
    "testsRegistered": 5,
    "passPercent": 100,
    "pendingPercent": 0,
    "other": 0,
    "hasOther": false,
    "skipped": 0,
    "hasSkipped": false
  },
  "results": [
    {
      "uuid": "2e0bb728-bba2-4aa5-a348-6d40414e3464",
      "title": "",
      "fullFile": "cypress/e2e/alerts.cy.js",
      "file": "cypress/e2e/alerts.cy.js",
      "beforeHooks": [],
      "afterHooks": [],
      "tests": [],
      "suites": [
        {
          "uuid": "23e65339-67c0-44df-8116-c0f0d1a80976",
          "title": "Alerts Page Tests",
          "fullFile": "",
          "file": "",
          "beforeHooks": [],
          "afterHooks": [],
          "tests": [
            {
              "title": "Handles simple alert",
              "fullTitle": "Alerts Page Tests Handles simple alert",
              "timedOut": null,
              "duration": 2220,
              "state": "passed",
              "speed": "fast",
              "pass": true,
              "fail": false,
              "pending": false,
              "context": null,
              "code": "_AlertsPage.default.clickAlertButton();\ncy.on('window:alert', str => {\n  expect(str).to.equal('You clicked a button');\n});",
              "err": {},
              "uuid": "aaff4772-be60-4a0a-9ddd-2e740f506a82",
              "parentUUID": "23e65339-67c0-44df-8116-c0f0d1a80976",
              "isHook": false,
              "skipped": false
            },
            {
              "title": "Handles confirm alert - OK",
              "fullTitle": "Alerts Page Tests Handles confirm alert - OK",
              "timedOut": null,
              "duration": 782,
              "state": "passed",
              "speed": "fast",
              "pass": true,
              "fail": false,
              "pending": false,
              "context": null,
              "code": "cy.window().then(win => {\n  cy.stub(win, 'confirm').returns(true);\n});\n_AlertsPage.default.clickConfirmButton();\ncy.get('#confirmResult').should('contain', 'You selected Ok');",
              "err": {},
              "uuid": "7ec0ed47-a7dd-43c8-8cff-ff0510642aef",
              "parentUUID": "23e65339-67c0-44df-8116-c0f0d1a80976",
              "isHook": false,
              "skipped": false
            },
            {
              "title": "Handles confirm alert - Cancel",
              "fullTitle": "Alerts Page Tests Handles confirm alert - Cancel",
              "timedOut": null,
              "duration": 685,
              "state": "passed",
              "speed": "fast",
              "pass": true,
              "fail": false,
              "pending": false,
              "context": null,
              "code": "cy.window().then(win => {\n  cy.stub(win, 'confirm').returns(false);\n});\n_AlertsPage.default.clickConfirmButton();\ncy.get('#confirmResult').should('contain', 'You selected Cancel');",
              "err": {},
              "uuid": "93c8b936-729c-477f-b0d3-812e8346b434",
              "parentUUID": "23e65339-67c0-44df-8116-c0f0d1a80976",
              "isHook": false,
              "skipped": false
            },
            {
              "title": "Handles prompt alert",
              "fullTitle": "Alerts Page Tests Handles prompt alert",
              "timedOut": null,
              "duration": 832,
              "state": "passed",
              "speed": "fast",
              "pass": true,
              "fail": false,
              "pending": false,
              "context": null,
              "code": "const inputText = 'Cypress Test';\ncy.window().then(win => {\n  cy.stub(win, 'prompt').returns(inputText);\n});\n_AlertsPage.default.clickPromptButton();\ncy.get('#promptResult').should('contain', inputText);",
              "err": {},
              "uuid": "6e099c7d-7064-4266-99f3-4d7f41fcce7e",
              "parentUUID": "23e65339-67c0-44df-8116-c0f0d1a80976",
              "isHook": false,
              "skipped": false
            },
            {
              "title": "Handles delayed alert",
              "fullTitle": "Alerts Page Tests Handles delayed alert",
              "timedOut": null,
              "duration": 851,
              "state": "passed",
              "speed": "fast",
              "pass": true,
              "fail": false,
              "pending": false,
              "context": null,
              "code": "_AlertsPage.default.clickTimerButton();\ncy.on('window:alert', str => {\n  expect(str).to.equal('This alert appeared after 5 seconds');\n});",
              "err": {},
              "uuid": "6aed0e35-82ae-4a0e-ac5a-806be198f631",
              "parentUUID": "23e65339-67c0-44df-8116-c0f0d1a80976",
              "isHook": false,
              "skipped": false
            }
          ],
          "suites": [],
          "passes": [
            "aaff4772-be60-4a0a-9ddd-2e740f506a82",
            "7ec0ed47-a7dd-43c8-8cff-ff0510642aef",
            "93c8b936-729c-477f-b0d3-812e8346b434",
            "6e099c7d-7064-4266-99f3-4d7f41fcce7e",
            "6aed0e35-82ae-4a0e-ac5a-806be198f631"
          ],
          "failures": [],
          "pending": [],
          "skipped": [],
          "duration": 5370,
          "root": false,
          "rootEmpty": false,
          "_timeout": 2000
        }
      ],
      "passes": [],
      "failures": [],
      "pending": [],
      "skipped": [],
      "duration": 0,
      "root": true,
      "rootEmpty": true,
      "_timeout": 2000
    }
  ],
  "meta": {
    "mocha": {
      "version": "7.2.0"
    },
    "mochawesome": {
      "options": {
        "quiet": false,
        "reportFilename": "mochawesome",
        "saveHtml": false,
        "saveJson": true,
        "consoleReporter": "spec",
        "useInlineDiffs": false,
        "code": true
      },
      "version": "7.1.3"
    },
    "marge": {
      "options": {
        "reportDir": "cypress/reports/mochawesome",
        "overwrite": false,
        "html": false,
        "json": true
      },
      "version": "6.2.0"
    }
  }
}