{
  "stats": {
    "suites": 1,
    "tests": 1,
    "passes": 1,
    "pending": 0,
    "failures": 0,
    "start": "2025-05-31T22:47:39.699Z",
    "end": "2025-05-31T22:47:44.284Z",
    "duration": 4585,
    "testsRegistered": 1,
    "passPercent": 100,
    "pendingPercent": 0,
    "other": 0,
    "hasOther": false,
    "skipped": 0,
    "hasSkipped": false
  },
  "results": [
    {
      "uuid": "a57755a8-ba32-41e6-a0a7-a6ac050fa5f7",
      "title": "",
      "fullFile": "cypress/e2e/textbox.cy.js",
      "file": "cypress/e2e/textbox.cy.js",
      "beforeHooks": [],
      "afterHooks": [],
      "tests": [],
      "suites": [
        {
          "uuid": "53424098-8e3e-4783-b544-0ace33c6648c",
          "title": "Text Box Tests",
          "fullFile": "",
          "file": "",
          "beforeHooks": [],
          "afterHooks": [],
          "tests": [
            {
              "title": "Fills form and checks displayed result",
              "fullTitle": "Text Box Tests Fills form and checks displayed result",
              "timedOut": null,
              "duration": 3847,
              "state": "passed",
              "speed": "fast",
              "pass": true,
              "fail": false,
              "pending": false,
              "context": null,
              "code": "_TextBoxPage.default.fillForm();\n_TextBoxPage.default.checkResult();",
              "err": {},
              "uuid": "603b38b3-ed84-422a-80cd-22725118386b",
              "parentUUID": "53424098-8e3e-4783-b544-0ace33c6648c",
              "isHook": false,
              "skipped": false
            }
          ],
          "suites": [],
          "passes": [
            "603b38b3-ed84-422a-80cd-22725118386b"
          ],
          "failures": [],
          "pending": [],
          "skipped": [],
          "duration": 3847,
          "root": false,
          "rootEmpty": false,
          "_timeout": 2000
        }
      ],
      "passes": [],
      "failures": [],
      "pending": [],
      "skipped": [],
      "duration": 0,
      "root": true,
      "rootEmpty": true,
      "_timeout": 2000
    }
  ],
  "meta": {
    "mocha": {
      "version": "7.2.0"
    },
    "mochawesome": {
      "options": {
        "quiet": false,
        "reportFilename": "mochawesome",
        "saveHtml": false,
        "saveJson": true,
        "consoleReporter": "spec",
        "useInlineDiffs": false,
        "code": true
      },
      "version": "7.1.3"
    },
    "marge": {
      "options": {
        "reportDir": "cypress/reports/mochawesome",
        "overwrite": false,
        "html": false,
        "json": true
      },
      "version": "6.2.0"
    }
  }
}