{
  "stats": {
    "suites": 15,
    "tests": 27,
    "passes": 27,
    "pending": 0,
    "failures": 0,
    "start": "2025-05-03T15:23:37.885Z",
    "end": "2025-05-03T15:23:37.902Z",
    "duration": 17,
    "testsRegistered": 27,
    "passPercent": 100,
    "pendingPercent": 0,
    "other": 0,
    "hasOther": false,
    "skipped": 0,
    "hasSkipped": false
  },
  "results": [
    {
      "uuid": "c8a7bc2c-f8f6-4bef-8f47-a21a43479527",
      "title": "",
      "fullFile": "",
      "file": "",
      "beforeHooks": [],
      "afterHooks": [],
      "tests": [],
      "suites": [
        {
          "uuid": "999a56cd-dbbe-4a6e-8b75-c64f7cc68add",
          "title": "arrayUtils",
          "fullFile": "/Users/maryfilipova/Desktop/unit-testing-js-practice/test/arrayUtils.test.mjs",
          "file": "/test/arrayUtils.test.mjs",
          "beforeHooks": [],
          "afterHooks": [],
          "tests": [],
          "suites": [
            {
              "uuid": "c1ebc35a-1841-4418-be8e-5622d6b75513",
              "title": "findMax()",
              "fullFile": "/Users/maryfilipova/Desktop/unit-testing-js-practice/test/arrayUtils.test.mjs",
              "file": "/test/arrayUtils.test.mjs",
              "beforeHooks": [],
              "afterHooks": [],
              "tests": [
                {
                  "title": "should return max value",
                  "fullTitle": "arrayUtils findMax() should return max value",
                  "timedOut": false,
                  "duration": 0,
                  "state": "passed",
                  "speed": "fast",
                  "pass": true,
                  "fail": false,
                  "pending": false,
                  "context": null,
                  "code": "expect(findMax([1, 5, 3])).to.equal(5);",
                  "err": {},
                  "uuid": "1d9418a5-d03c-4086-ac7a-68eeb8c12279",
                  "parentUUID": "c1ebc35a-1841-4418-be8e-5622d6b75513",
                  "isHook": false,
                  "skipped": false
                },
                {
                  "title": "should throw if not array",
                  "fullTitle": "arrayUtils findMax() should throw if not array",
                  "timedOut": false,
                  "duration": 0,
                  "state": "passed",
                  "speed": "fast",
                  "pass": true,
                  "fail": false,
                  "pending": false,
                  "context": null,
                  "code": "expect(() => findMax('123')).to.throw('Input must be an array');",
                  "err": {},
                  "uuid": "e1f6a046-9e8f-4167-b0b2-97333b9de16d",
                  "parentUUID": "c1ebc35a-1841-4418-be8e-5622d6b75513",
                  "isHook": false,
                  "skipped": false
                }
              ],
              "suites": [],
              "passes": [
                "1d9418a5-d03c-4086-ac7a-68eeb8c12279",
                "e1f6a046-9e8f-4167-b0b2-97333b9de16d"
              ],
              "failures": [],
              "pending": [],
              "skipped": [],
              "duration": 0,
              "root": false,
              "rootEmpty": false,
              "_timeout": 2000
            },
            {
              "uuid": "62c989fb-f3fc-465a-bc98-d63e6dbda153",
              "title": "findMin()",
              "fullFile": "/Users/maryfilipova/Desktop/unit-testing-js-practice/test/arrayUtils.test.mjs",
              "file": "/test/arrayUtils.test.mjs",
              "beforeHooks": [],
              "afterHooks": [],
              "tests": [
                {
                  "title": "should return min value",
                  "fullTitle": "arrayUtils findMin() should return min value",
                  "timedOut": false,
                  "duration": 0,
                  "state": "passed",
                  "speed": "fast",
                  "pass": true,
                  "fail": false,
                  "pending": false,
                  "context": null,
                  "code": "expect(findMin([1, -5, 3])).to.equal(-5);",
                  "err": {},
                  "uuid": "0efbdbdb-f6ef-4d4f-a65b-59aff3dde2ee",
                  "parentUUID": "62c989fb-f3fc-465a-bc98-d63e6dbda153",
                  "isHook": false,
                  "skipped": false
                },
                {
                  "title": "should throw if not array",
                  "fullTitle": "arrayUtils findMin() should throw if not array",
                  "timedOut": false,
                  "duration": 0,
                  "state": "passed",
                  "speed": "fast",
                  "pass": true,
                  "fail": false,
                  "pending": false,
                  "context": null,
                  "code": "expect(() => findMin({})).to.throw('Input must be an array');",
                  "err": {},
                  "uuid": "1d32dcdc-f014-4dd3-9cf6-69248c08b13a",
                  "parentUUID": "62c989fb-f3fc-465a-bc98-d63e6dbda153",
                  "isHook": false,
                  "skipped": false
                }
              ],
              "suites": [],
              "passes": [
                "0efbdbdb-f6ef-4d4f-a65b-59aff3dde2ee",
                "1d32dcdc-f014-4dd3-9cf6-69248c08b13a"
              ],
              "failures": [],
              "pending": [],
              "skipped": [],
              "duration": 0,
              "root": false,
              "rootEmpty": false,
              "_timeout": 2000
            },
            {
              "uuid": "e55a6ff9-5737-4f7a-9938-7a83e5f7be07",
              "title": "removeDuplicates()",
              "fullFile": "/Users/maryfilipova/Desktop/unit-testing-js-practice/test/arrayUtils.test.mjs",
              "file": "/test/arrayUtils.test.mjs",
              "beforeHooks": [],
              "afterHooks": [],
              "tests": [
                {
                  "title": "should remove duplicates",
                  "fullTitle": "arrayUtils removeDuplicates() should remove duplicates",
                  "timedOut": false,
                  "duration": 0,
                  "state": "passed",
                  "speed": "fast",
                  "pass": true,
                  "fail": false,
                  "pending": false,
                  "context": null,
                  "code": "expect(removeDuplicates([1, 2, 2, 3])).to.eql([1, 2, 3]);",
                  "err": {},
                  "uuid": "82cb4b42-b789-4c4f-ba65-7a7a6197637d",
                  "parentUUID": "e55a6ff9-5737-4f7a-9938-7a83e5f7be07",
                  "isHook": false,
                  "skipped": false
                },
                {
                  "title": "should throw if not array",
                  "fullTitle": "arrayUtils removeDuplicates() should throw if not array",
                  "timedOut": false,
                  "duration": 0,
                  "state": "passed",
                  "speed": "fast",
                  "pass": true,
                  "fail": false,
                  "pending": false,
                  "context": null,
                  "code": "expect(() => removeDuplicates(null)).to.throw('Input must be an array');",
                  "err": {},
                  "uuid": "d8349495-0196-4afb-a1a9-f043891e83fa",
                  "parentUUID": "e55a6ff9-5737-4f7a-9938-7a83e5f7be07",
                  "isHook": false,
                  "skipped": false
                }
              ],
              "suites": [],
              "passes": [
                "82cb4b42-b789-4c4f-ba65-7a7a6197637d",
                "d8349495-0196-4afb-a1a9-f043891e83fa"
              ],
              "failures": [],
              "pending": [],
              "skipped": [],
              "duration": 0,
              "root": false,
              "rootEmpty": false,
              "_timeout": 2000
            }
          ],
          "passes": [],
          "failures": [],
          "pending": [],
          "skipped": [],
          "duration": 0,
          "root": false,
          "rootEmpty": false,
          "_timeout": 2000
        },
        {
          "uuid": "f084740c-7d89-4641-9c14-474d2000f343",
          "title": "mathUtils",
          "fullFile": "/Users/maryfilipova/Desktop/unit-testing-js-practice/test/mathUtils.test.mjs",
          "file": "/test/mathUtils.test.mjs",
          "beforeHooks": [],
          "afterHooks": [],
          "tests": [],
          "suites": [
            {
              "uuid": "19f86cf1-5ac4-40d7-8b8a-0fa0415cf670",
              "title": "add()",
              "fullFile": "/Users/maryfilipova/Desktop/unit-testing-js-practice/test/mathUtils.test.mjs",
              "file": "/test/mathUtils.test.mjs",
              "beforeHooks": [],
              "afterHooks": [],
              "tests": [
                {
                  "title": "should return correct sum",
                  "fullTitle": "mathUtils add() should return correct sum",
                  "timedOut": false,
                  "duration": 0,
                  "state": "passed",
                  "speed": "fast",
                  "pass": true,
                  "fail": false,
                  "pending": false,
                  "context": null,
                  "code": "expect(add(2, 3)).to.equal(5);",
                  "err": {},
                  "uuid": "87926f93-3d0e-4114-94ca-069714556c09",
                  "parentUUID": "19f86cf1-5ac4-40d7-8b8a-0fa0415cf670",
                  "isHook": false,
                  "skipped": false
                }
              ],
              "suites": [],
              "passes": [
                "87926f93-3d0e-4114-94ca-069714556c09"
              ],
              "failures": [],
              "pending": [],
              "skipped": [],
              "duration": 0,
              "root": false,
              "rootEmpty": false,
              "_timeout": 2000
            },
            {
              "uuid": "d464ffc4-f1e7-4c66-8105-496d599f3672",
              "title": "subtract()",
              "fullFile": "/Users/maryfilipova/Desktop/unit-testing-js-practice/test/mathUtils.test.mjs",
              "file": "/test/mathUtils.test.mjs",
              "beforeHooks": [],
              "afterHooks": [],
              "tests": [
                {
                  "title": "should return correct difference",
                  "fullTitle": "mathUtils subtract() should return correct difference",
                  "timedOut": false,
                  "duration": 0,
                  "state": "passed",
                  "speed": "fast",
                  "pass": true,
                  "fail": false,
                  "pending": false,
                  "context": null,
                  "code": "expect(subtract(5, 2)).to.equal(3);",
                  "err": {},
                  "uuid": "f0a9497a-e12a-4fef-acd6-5f8291528991",
                  "parentUUID": "d464ffc4-f1e7-4c66-8105-496d599f3672",
                  "isHook": false,
                  "skipped": false
                }
              ],
              "suites": [],
              "passes": [
                "f0a9497a-e12a-4fef-acd6-5f8291528991"
              ],
              "failures": [],
              "pending": [],
              "skipped": [],
              "duration": 0,
              "root": false,
              "rootEmpty": false,
              "_timeout": 2000
            },
            {
              "uuid": "e059c72a-f845-4d97-b040-4d9235e361c4",
              "title": "multiply()",
              "fullFile": "/Users/maryfilipova/Desktop/unit-testing-js-practice/test/mathUtils.test.mjs",
              "file": "/test/mathUtils.test.mjs",
              "beforeHooks": [],
              "afterHooks": [],
              "tests": [
                {
                  "title": "should return correct product",
                  "fullTitle": "mathUtils multiply() should return correct product",
                  "timedOut": false,
                  "duration": 0,
                  "state": "passed",
                  "speed": "fast",
                  "pass": true,
                  "fail": false,
                  "pending": false,
                  "context": null,
                  "code": "expect(multiply(3, 4)).to.equal(12);",
                  "err": {},
                  "uuid": "3bef9313-6921-42d9-a6e3-8bdc0f10e743",
                  "parentUUID": "e059c72a-f845-4d97-b040-4d9235e361c4",
                  "isHook": false,
                  "skipped": false
                }
              ],
              "suites": [],
              "passes": [
                "3bef9313-6921-42d9-a6e3-8bdc0f10e743"
              ],
              "failures": [],
              "pending": [],
              "skipped": [],
              "duration": 0,
              "root": false,
              "rootEmpty": false,
              "_timeout": 2000
            },
            {
              "uuid": "29ab85fc-5160-4dac-a722-d3d783b50e5a",
              "title": "divide()",
              "fullFile": "/Users/maryfilipova/Desktop/unit-testing-js-practice/test/mathUtils.test.mjs",
              "file": "/test/mathUtils.test.mjs",
              "beforeHooks": [],
              "afterHooks": [],
              "tests": [
                {
                  "title": "should return correct result",
                  "fullTitle": "mathUtils divide() should return correct result",
                  "timedOut": false,
                  "duration": 0,
                  "state": "passed",
                  "speed": "fast",
                  "pass": true,
                  "fail": false,
                  "pending": false,
                  "context": null,
                  "code": "expect(divide(10, 2)).to.equal(5);",
                  "err": {},
                  "uuid": "db64fe8b-d391-4a8e-b001-759a8a13ecbf",
                  "parentUUID": "29ab85fc-5160-4dac-a722-d3d783b50e5a",
                  "isHook": false,
                  "skipped": false
                },
                {
                  "title": "should throw error when dividing by 0",
                  "fullTitle": "mathUtils divide() should throw error when dividing by 0",
                  "timedOut": false,
                  "duration": 0,
                  "state": "passed",
                  "speed": "fast",
                  "pass": true,
                  "fail": false,
                  "pending": false,
                  "context": null,
                  "code": "expect(() => divide(5, 0)).to.throw('Cannot divide by zero');",
                  "err": {},
                  "uuid": "08e84c86-6e2b-4a35-b267-e47841829411",
                  "parentUUID": "29ab85fc-5160-4dac-a722-d3d783b50e5a",
                  "isHook": false,
                  "skipped": false
                }
              ],
              "suites": [],
              "passes": [
                "db64fe8b-d391-4a8e-b001-759a8a13ecbf",
                "08e84c86-6e2b-4a35-b267-e47841829411"
              ],
              "failures": [],
              "pending": [],
              "skipped": [],
              "duration": 0,
              "root": false,
              "rootEmpty": false,
              "_timeout": 2000
            }
          ],
          "passes": [],
          "failures": [],
          "pending": [],
          "skipped": [],
          "duration": 0,
          "root": false,
          "rootEmpty": false,
          "_timeout": 2000
        },
        {
          "uuid": "34e9feb3-0bd2-4831-9b07-5f22f3a0698d",
          "title": "stringUtils",
          "fullFile": "/Users/maryfilipova/Desktop/unit-testing-js-practice/test/stringUtils.test.mjs",
          "file": "/test/stringUtils.test.mjs",
          "beforeHooks": [],
          "afterHooks": [],
          "tests": [],
          "suites": [
            {
              "uuid": "8e712c9a-b729-4935-83b5-d1ec7ba1811c",
              "title": "capitalize()",
              "fullFile": "/Users/maryfilipova/Desktop/unit-testing-js-practice/test/stringUtils.test.mjs",
              "file": "/test/stringUtils.test.mjs",
              "beforeHooks": [],
              "afterHooks": [],
              "tests": [
                {
                  "title": "should capitalize the first letter",
                  "fullTitle": "stringUtils capitalize() should capitalize the first letter",
                  "timedOut": false,
                  "duration": 0,
                  "state": "passed",
                  "speed": "fast",
                  "pass": true,
                  "fail": false,
                  "pending": false,
                  "context": null,
                  "code": "expect(capitalize('hello')).to.equal('Hello');",
                  "err": {},
                  "uuid": "20bb2013-86a4-4fba-899a-54667b1f3228",
                  "parentUUID": "8e712c9a-b729-4935-83b5-d1ec7ba1811c",
                  "isHook": false,
                  "skipped": false
                },
                {
                  "title": "should throw error if not string",
                  "fullTitle": "stringUtils capitalize() should throw error if not string",
                  "timedOut": false,
                  "duration": 1,
                  "state": "passed",
                  "speed": "fast",
                  "pass": true,
                  "fail": false,
                  "pending": false,
                  "context": null,
                  "code": "expect(() => capitalize(123)).to.throw('Input must be a string');",
                  "err": {},
                  "uuid": "5c0a2a4a-6f5d-4c26-b867-f571ebc7e336",
                  "parentUUID": "8e712c9a-b729-4935-83b5-d1ec7ba1811c",
                  "isHook": false,
                  "skipped": false
                }
              ],
              "suites": [],
              "passes": [
                "20bb2013-86a4-4fba-899a-54667b1f3228",
                "5c0a2a4a-6f5d-4c26-b867-f571ebc7e336"
              ],
              "failures": [],
              "pending": [],
              "skipped": [],
              "duration": 1,
              "root": false,
              "rootEmpty": false,
              "_timeout": 2000
            },
            {
              "uuid": "23b2b01b-96d1-498e-9469-becb6d705d62",
              "title": "reverseString()",
              "fullFile": "/Users/maryfilipova/Desktop/unit-testing-js-practice/test/stringUtils.test.mjs",
              "file": "/test/stringUtils.test.mjs",
              "beforeHooks": [],
              "afterHooks": [],
              "tests": [
                {
                  "title": "should reverse a string",
                  "fullTitle": "stringUtils reverseString() should reverse a string",
                  "timedOut": false,
                  "duration": 0,
                  "state": "passed",
                  "speed": "fast",
                  "pass": true,
                  "fail": false,
                  "pending": false,
                  "context": null,
                  "code": "expect(reverseString('abc')).to.equal('cba');",
                  "err": {},
                  "uuid": "1518ed21-f06f-494f-aeee-be12bd4ce946",
                  "parentUUID": "23b2b01b-96d1-498e-9469-becb6d705d62",
                  "isHook": false,
                  "skipped": false
                },
                {
                  "title": "should throw error if not string",
                  "fullTitle": "stringUtils reverseString() should throw error if not string",
                  "timedOut": false,
                  "duration": 0,
                  "state": "passed",
                  "speed": "fast",
                  "pass": true,
                  "fail": false,
                  "pending": false,
                  "context": null,
                  "code": "expect(() => reverseString(null)).to.throw('Input must be a string');",
                  "err": {},
                  "uuid": "c9f31c98-3b4f-4a4d-95b7-b13726cc248c",
                  "parentUUID": "23b2b01b-96d1-498e-9469-becb6d705d62",
                  "isHook": false,
                  "skipped": false
                }
              ],
              "suites": [],
              "passes": [
                "1518ed21-f06f-494f-aeee-be12bd4ce946",
                "c9f31c98-3b4f-4a4d-95b7-b13726cc248c"
              ],
              "failures": [],
              "pending": [],
              "skipped": [],
              "duration": 0,
              "root": false,
              "rootEmpty": false,
              "_timeout": 2000
            },
            {
              "uuid": "c74cd9bf-0bed-4ee2-85af-9b36fd5519a3",
              "title": "isPalindrome()",
              "fullFile": "/Users/maryfilipova/Desktop/unit-testing-js-practice/test/stringUtils.test.mjs",
              "file": "/test/stringUtils.test.mjs",
              "beforeHooks": [],
              "afterHooks": [],
              "tests": [
                {
                  "title": "should return true for palindrome",
                  "fullTitle": "stringUtils isPalindrome() should return true for palindrome",
                  "timedOut": false,
                  "duration": 0,
                  "state": "passed",
                  "speed": "fast",
                  "pass": true,
                  "fail": false,
                  "pending": false,
                  "context": null,
                  "code": "expect(isPalindrome('madam')).to.be.true;",
                  "err": {},
                  "uuid": "c7bbb39a-09f2-46e6-851b-ae199e98a4e3",
                  "parentUUID": "c74cd9bf-0bed-4ee2-85af-9b36fd5519a3",
                  "isHook": false,
                  "skipped": false
                },
                {
                  "title": "should return false for non-palindrome",
                  "fullTitle": "stringUtils isPalindrome() should return false for non-palindrome",
                  "timedOut": false,
                  "duration": 0,
                  "state": "passed",
                  "speed": "fast",
                  "pass": true,
                  "fail": false,
                  "pending": false,
                  "context": null,
                  "code": "expect(isPalindrome('hello')).to.be.false;",
                  "err": {},
                  "uuid": "508ad698-67f3-4c09-b91c-941f100ccbfa",
                  "parentUUID": "c74cd9bf-0bed-4ee2-85af-9b36fd5519a3",
                  "isHook": false,
                  "skipped": false
                },
                {
                  "title": "should throw error if not string",
                  "fullTitle": "stringUtils isPalindrome() should throw error if not string",
                  "timedOut": false,
                  "duration": 1,
                  "state": "passed",
                  "speed": "fast",
                  "pass": true,
                  "fail": false,
                  "pending": false,
                  "context": null,
                  "code": "expect(() => isPalindrome([])).to.throw('Input must be a string');",
                  "err": {},
                  "uuid": "c7a71664-37d8-436c-879a-21dab2b50df0",
                  "parentUUID": "c74cd9bf-0bed-4ee2-85af-9b36fd5519a3",
                  "isHook": false,
                  "skipped": false
                }
              ],
              "suites": [],
              "passes": [
                "c7bbb39a-09f2-46e6-851b-ae199e98a4e3",
                "508ad698-67f3-4c09-b91c-941f100ccbfa",
                "c7a71664-37d8-436c-879a-21dab2b50df0"
              ],
              "failures": [],
              "pending": [],
              "skipped": [],
              "duration": 1,
              "root": false,
              "rootEmpty": false,
              "_timeout": 2000
            }
          ],
          "passes": [],
          "failures": [],
          "pending": [],
          "skipped": [],
          "duration": 0,
          "root": false,
          "rootEmpty": false,
          "_timeout": 2000
        },
        {
          "uuid": "ac203ce7-09e8-40d0-9312-9dc3f25acc7f",
          "title": "checkStudentKnowledge",
          "fullFile": "/Users/maryfilipova/Desktop/unit-testing-js-practice/test/studentKnowledgeCheckerUtil.test.mjs",
          "file": "/test/studentKnowledgeCheckerUtil.test.mjs",
          "beforeHooks": [],
          "afterHooks": [],
          "tests": [
            {
              "title": "should return true if all answers are correct",
              "fullTitle": "checkStudentKnowledge should return true if all answers are correct",
              "timedOut": false,
              "duration": 0,
              "state": "passed",
              "speed": "fast",
              "pass": true,
              "fail": false,
              "pending": false,
              "context": null,
              "code": "const student = { q1: 'a', q2: 'b' };\nconst correct = { q1: 'a', q2: 'b' };\nexpect(checkStudentKnowledge(student, correct)).to.be.true;",
              "err": {},
              "uuid": "b89a0580-84b7-45d0-a1fe-61be18c9b6cb",
              "parentUUID": "ac203ce7-09e8-40d0-9312-9dc3f25acc7f",
              "isHook": false,
              "skipped": false
            },
            {
              "title": "should return false if answers are incorrect",
              "fullTitle": "checkStudentKnowledge should return false if answers are incorrect",
              "timedOut": false,
              "duration": 0,
              "state": "passed",
              "speed": "fast",
              "pass": true,
              "fail": false,
              "pending": false,
              "context": null,
              "code": "const student = { q1: 'a', q2: 'x' };\nconst correct = { q1: 'a', q2: 'b' };\nexpect(checkStudentKnowledge(student, correct)).to.be.false;",
              "err": {},
              "uuid": "ba633cfe-d064-47cc-a2f0-0f5560b28617",
              "parentUUID": "ac203ce7-09e8-40d0-9312-9dc3f25acc7f",
              "isHook": false,
              "skipped": false
            },
            {
              "title": "should return false if keys are different",
              "fullTitle": "checkStudentKnowledge should return false if keys are different",
              "timedOut": false,
              "duration": 0,
              "state": "passed",
              "speed": "fast",
              "pass": true,
              "fail": false,
              "pending": false,
              "context": null,
              "code": "const student = { q1: 'a', q3: 'b' };\nconst correct = { q1: 'a', q2: 'b' };\nexpect(checkStudentKnowledge(student, correct)).to.be.false;",
              "err": {},
              "uuid": "d194c496-1e55-498b-8302-e03964fbd628",
              "parentUUID": "ac203ce7-09e8-40d0-9312-9dc3f25acc7f",
              "isHook": false,
              "skipped": false
            }
          ],
          "suites": [],
          "passes": [
            "b89a0580-84b7-45d0-a1fe-61be18c9b6cb",
            "ba633cfe-d064-47cc-a2f0-0f5560b28617",
            "d194c496-1e55-498b-8302-e03964fbd628"
          ],
          "failures": [],
          "pending": [],
          "skipped": [],
          "duration": 0,
          "root": false,
          "rootEmpty": false,
          "_timeout": 2000
        },
        {
          "uuid": "be6abae2-c123-43df-bbc2-5eddcc92faed",
          "title": "usersListUtils",
          "fullFile": "/Users/maryfilipova/Desktop/unit-testing-js-practice/test/usersListUtils.test.mjs",
          "file": "/test/usersListUtils.test.mjs",
          "beforeHooks": [],
          "afterHooks": [],
          "tests": [
            {
              "title": "should filter users by age",
              "fullTitle": "usersListUtils should filter users by age",
              "timedOut": false,
              "duration": 0,
              "state": "passed",
              "speed": "fast",
              "pass": true,
              "fail": false,
              "pending": false,
              "context": null,
              "code": "const result = filterUsersByAge(users, 21, 30);\nexpect(result).to.deep.equal([users[0], users[1]]);",
              "err": {},
              "uuid": "a403733a-3d0d-49fb-be15-eb34eb31a770",
              "parentUUID": "be6abae2-c123-43df-bbc2-5eddcc92faed",
              "isHook": false,
              "skipped": false
            },
            {
              "title": "should sort users by name",
              "fullTitle": "usersListUtils should sort users by name",
              "timedOut": false,
              "duration": 8,
              "state": "passed",
              "speed": "fast",
              "pass": true,
              "fail": false,
              "pending": false,
              "context": null,
              "code": "const result = sortUsersByName(users);\nexpect(result.map(u => u.name)).to.eql(['Alice', 'Bob', 'Charlie']);",
              "err": {},
              "uuid": "2693db71-21f8-4086-bba4-1bf751b884b7",
              "parentUUID": "be6abae2-c123-43df-bbc2-5eddcc92faed",
              "isHook": false,
              "skipped": false
            },
            {
              "title": "should find user by ID",
              "fullTitle": "usersListUtils should find user by ID",
              "timedOut": false,
              "duration": 0,
              "state": "passed",
              "speed": "fast",
              "pass": true,
              "fail": false,
              "pending": false,
              "context": null,
              "code": "const result = findUserById(users, 2);\nexpect(result).to.deep.equal(users[1]);",
              "err": {},
              "uuid": "fb6416f2-57f6-4aac-a45f-1974c4f6f997",
              "parentUUID": "be6abae2-c123-43df-bbc2-5eddcc92faed",
              "isHook": false,
              "skipped": false
            },
            {
              "title": "should return null if user ID not found",
              "fullTitle": "usersListUtils should return null if user ID not found",
              "timedOut": false,
              "duration": 0,
              "state": "passed",
              "speed": "fast",
              "pass": true,
              "fail": false,
              "pending": false,
              "context": null,
              "code": "const result = findUserById(users, 999);\nexpect(result).to.be.null;",
              "err": {},
              "uuid": "de19ccf6-0566-4519-a5f4-b5a0a9a83f58",
              "parentUUID": "be6abae2-c123-43df-bbc2-5eddcc92faed",
              "isHook": false,
              "skipped": false
            },
            {
              "title": "should detect if email is taken",
              "fullTitle": "usersListUtils should detect if email is taken",
              "timedOut": false,
              "duration": 0,
              "state": "passed",
              "speed": "fast",
              "pass": true,
              "fail": false,
              "pending": false,
              "context": null,
              "code": "expect(isEmailTaken(users, 'alice@example.com')).to.be.true;",
              "err": {},
              "uuid": "35f7547f-267c-4492-8855-c452f42157d6",
              "parentUUID": "be6abae2-c123-43df-bbc2-5eddcc92faed",
              "isHook": false,
              "skipped": false
            },
            {
              "title": "should return false if email is not taken",
              "fullTitle": "usersListUtils should return false if email is not taken",
              "timedOut": false,
              "duration": 0,
              "state": "passed",
              "speed": "fast",
              "pass": true,
              "fail": false,
              "pending": false,
              "context": null,
              "code": "expect(isEmailTaken(users, 'notfound@example.com')).to.be.false;",
              "err": {},
              "uuid": "62aa5a16-bb70-4c90-82b5-0d3229c1cf79",
              "parentUUID": "be6abae2-c123-43df-bbc2-5eddcc92faed",
              "isHook": false,
              "skipped": false
            }
          ],
          "suites": [],
          "passes": [
            "a403733a-3d0d-49fb-be15-eb34eb31a770",
            "2693db71-21f8-4086-bba4-1bf751b884b7",
            "fb6416f2-57f6-4aac-a45f-1974c4f6f997",
            "de19ccf6-0566-4519-a5f4-b5a0a9a83f58",
            "35f7547f-267c-4492-8855-c452f42157d6",
            "62aa5a16-bb70-4c90-82b5-0d3229c1cf79"
          ],
          "failures": [],
          "pending": [],
          "skipped": [],
          "duration": 8,
          "root": false,
          "rootEmpty": false,
          "_timeout": 2000
        }
      ],
      "passes": [],
      "failures": [],
      "pending": [],
      "skipped": [],
      "duration": 0,
      "root": true,
      "rootEmpty": true,
      "_timeout": 2000
    }
  ],
  "meta": {
    "mocha": {
      "version": "11.1.0"
    },
    "mochawesome": {
      "options": {
        "quiet": false,
        "reportFilename": "mochawesome",
        "saveHtml": true,
        "saveJson": true,
        "consoleReporter": "spec",
        "useInlineDiffs": false,
        "code": true
      },
      "version": "7.1.3"
    },
    "marge": {
      "options": null,
      "version": "6.2.0"
    }
  }
}