{
  "stats": {
    "suites": 15,
    "tests": 27,
    "passes": 27,
    "pending": 0,
    "failures": 0,
    "start": "2025-04-16T17:28:40.588Z",
    "end": "2025-04-16T17:28:40.605Z",
    "duration": 17,
    "testsRegistered": 27,
    "passPercent": 100,
    "pendingPercent": 0,
    "other": 0,
    "hasOther": false,
    "skipped": 0,
    "hasSkipped": false
  },
  "results": [
    {
      "uuid": "721243e0-b05d-48ef-8b9e-068ea66f9ff9",
      "title": "",
      "fullFile": "",
      "file": "",
      "beforeHooks": [],
      "afterHooks": [],
      "tests": [],
      "suites": [
        {
          "uuid": "affe66a4-0d26-42f9-b515-bd9c4e75381c",
          "title": "arrayUtils",
          "fullFile": "/Users/maryfilipova/Desktop/unit-testing-js-practice/test/arrayUtils.test.mjs",
          "file": "/test/arrayUtils.test.mjs",
          "beforeHooks": [],
          "afterHooks": [],
          "tests": [],
          "suites": [
            {
              "uuid": "c3a41a73-d11a-4c23-ae47-dc81cb2f1e5e",
              "title": "findMax()",
              "fullFile": "/Users/maryfilipova/Desktop/unit-testing-js-practice/test/arrayUtils.test.mjs",
              "file": "/test/arrayUtils.test.mjs",
              "beforeHooks": [],
              "afterHooks": [],
              "tests": [
                {
                  "title": "should return max value",
                  "fullTitle": "arrayUtils findMax() should return max value",
                  "timedOut": false,
                  "duration": 0,
                  "state": "passed",
                  "speed": "fast",
                  "pass": true,
                  "fail": false,
                  "pending": false,
                  "context": null,
                  "code": "expect(findMax([1, 5, 3])).to.equal(5);",
                  "err": {},
                  "uuid": "951f7f51-f8a4-4124-ae45-616e344c15d0",
                  "parentUUID": "c3a41a73-d11a-4c23-ae47-dc81cb2f1e5e",
                  "isHook": false,
                  "skipped": false
                },
                {
                  "title": "should throw if not array",
                  "fullTitle": "arrayUtils findMax() should throw if not array",
                  "timedOut": false,
                  "duration": 0,
                  "state": "passed",
                  "speed": "fast",
                  "pass": true,
                  "fail": false,
                  "pending": false,
                  "context": null,
                  "code": "expect(() => findMax('123')).to.throw('Input must be an array');",
                  "err": {},
                  "uuid": "838c5f45-d9ac-4abf-8e7c-043f31d0d34e",
                  "parentUUID": "c3a41a73-d11a-4c23-ae47-dc81cb2f1e5e",
                  "isHook": false,
                  "skipped": false
                }
              ],
              "suites": [],
              "passes": [
                "951f7f51-f8a4-4124-ae45-616e344c15d0",
                "838c5f45-d9ac-4abf-8e7c-043f31d0d34e"
              ],
              "failures": [],
              "pending": [],
              "skipped": [],
              "duration": 0,
              "root": false,
              "rootEmpty": false,
              "_timeout": 2000
            },
            {
              "uuid": "2c3b1ee5-2aab-4d54-ab23-f1e624c95489",
              "title": "findMin()",
              "fullFile": "/Users/maryfilipova/Desktop/unit-testing-js-practice/test/arrayUtils.test.mjs",
              "file": "/test/arrayUtils.test.mjs",
              "beforeHooks": [],
              "afterHooks": [],
              "tests": [
                {
                  "title": "should return min value",
                  "fullTitle": "arrayUtils findMin() should return min value",
                  "timedOut": false,
                  "duration": 0,
                  "state": "passed",
                  "speed": "fast",
                  "pass": true,
                  "fail": false,
                  "pending": false,
                  "context": null,
                  "code": "expect(findMin([1, -5, 3])).to.equal(-5);",
                  "err": {},
                  "uuid": "b2762519-0c35-41a0-9619-5d54c8e539c1",
                  "parentUUID": "2c3b1ee5-2aab-4d54-ab23-f1e624c95489",
                  "isHook": false,
                  "skipped": false
                },
                {
                  "title": "should throw if not array",
                  "fullTitle": "arrayUtils findMin() should throw if not array",
                  "timedOut": false,
                  "duration": 0,
                  "state": "passed",
                  "speed": "fast",
                  "pass": true,
                  "fail": false,
                  "pending": false,
                  "context": null,
                  "code": "expect(() => findMin({})).to.throw('Input must be an array');",
                  "err": {},
                  "uuid": "0f20f26c-efcb-49a0-9e8b-8fb3c0489f1e",
                  "parentUUID": "2c3b1ee5-2aab-4d54-ab23-f1e624c95489",
                  "isHook": false,
                  "skipped": false
                }
              ],
              "suites": [],
              "passes": [
                "b2762519-0c35-41a0-9619-5d54c8e539c1",
                "0f20f26c-efcb-49a0-9e8b-8fb3c0489f1e"
              ],
              "failures": [],
              "pending": [],
              "skipped": [],
              "duration": 0,
              "root": false,
              "rootEmpty": false,
              "_timeout": 2000
            },
            {
              "uuid": "e96871d9-f02b-4165-992b-722b1913467f",
              "title": "removeDuplicates()",
              "fullFile": "/Users/maryfilipova/Desktop/unit-testing-js-practice/test/arrayUtils.test.mjs",
              "file": "/test/arrayUtils.test.mjs",
              "beforeHooks": [],
              "afterHooks": [],
              "tests": [
                {
                  "title": "should remove duplicates",
                  "fullTitle": "arrayUtils removeDuplicates() should remove duplicates",
                  "timedOut": false,
                  "duration": 0,
                  "state": "passed",
                  "speed": "fast",
                  "pass": true,
                  "fail": false,
                  "pending": false,
                  "context": null,
                  "code": "expect(removeDuplicates([1, 2, 2, 3])).to.eql([1, 2, 3]);",
                  "err": {},
                  "uuid": "02498668-65c3-4d2d-82b6-c2cca57bf0a4",
                  "parentUUID": "e96871d9-f02b-4165-992b-722b1913467f",
                  "isHook": false,
                  "skipped": false
                },
                {
                  "title": "should throw if not array",
                  "fullTitle": "arrayUtils removeDuplicates() should throw if not array",
                  "timedOut": false,
                  "duration": 0,
                  "state": "passed",
                  "speed": "fast",
                  "pass": true,
                  "fail": false,
                  "pending": false,
                  "context": null,
                  "code": "expect(() => removeDuplicates(null)).to.throw('Input must be an array');",
                  "err": {},
                  "uuid": "087cb5eb-e422-494f-a366-9caa174b6b0d",
                  "parentUUID": "e96871d9-f02b-4165-992b-722b1913467f",
                  "isHook": false,
                  "skipped": false
                }
              ],
              "suites": [],
              "passes": [
                "02498668-65c3-4d2d-82b6-c2cca57bf0a4",
                "087cb5eb-e422-494f-a366-9caa174b6b0d"
              ],
              "failures": [],
              "pending": [],
              "skipped": [],
              "duration": 0,
              "root": false,
              "rootEmpty": false,
              "_timeout": 2000
            }
          ],
          "passes": [],
          "failures": [],
          "pending": [],
          "skipped": [],
          "duration": 0,
          "root": false,
          "rootEmpty": false,
          "_timeout": 2000
        },
        {
          "uuid": "c00e1e96-c4d0-4445-87da-af75bac57172",
          "title": "mathUtils",
          "fullFile": "/Users/maryfilipova/Desktop/unit-testing-js-practice/test/mathUtils.test.mjs",
          "file": "/test/mathUtils.test.mjs",
          "beforeHooks": [],
          "afterHooks": [],
          "tests": [],
          "suites": [
            {
              "uuid": "58839e6a-a5ac-43a9-8fef-0c4ec78f8fb2",
              "title": "add()",
              "fullFile": "/Users/maryfilipova/Desktop/unit-testing-js-practice/test/mathUtils.test.mjs",
              "file": "/test/mathUtils.test.mjs",
              "beforeHooks": [],
              "afterHooks": [],
              "tests": [
                {
                  "title": "should return correct sum",
                  "fullTitle": "mathUtils add() should return correct sum",
                  "timedOut": false,
                  "duration": 0,
                  "state": "passed",
                  "speed": "fast",
                  "pass": true,
                  "fail": false,
                  "pending": false,
                  "context": null,
                  "code": "expect(add(2, 3)).to.equal(5);",
                  "err": {},
                  "uuid": "ad96b559-3199-41cf-a978-934574d4f15d",
                  "parentUUID": "58839e6a-a5ac-43a9-8fef-0c4ec78f8fb2",
                  "isHook": false,
                  "skipped": false
                }
              ],
              "suites": [],
              "passes": [
                "ad96b559-3199-41cf-a978-934574d4f15d"
              ],
              "failures": [],
              "pending": [],
              "skipped": [],
              "duration": 0,
              "root": false,
              "rootEmpty": false,
              "_timeout": 2000
            },
            {
              "uuid": "b3652551-f81d-4a12-bd14-dfac1f6b1eda",
              "title": "subtract()",
              "fullFile": "/Users/maryfilipova/Desktop/unit-testing-js-practice/test/mathUtils.test.mjs",
              "file": "/test/mathUtils.test.mjs",
              "beforeHooks": [],
              "afterHooks": [],
              "tests": [
                {
                  "title": "should return correct difference",
                  "fullTitle": "mathUtils subtract() should return correct difference",
                  "timedOut": false,
                  "duration": 1,
                  "state": "passed",
                  "speed": "fast",
                  "pass": true,
                  "fail": false,
                  "pending": false,
                  "context": null,
                  "code": "expect(subtract(5, 2)).to.equal(3);",
                  "err": {},
                  "uuid": "ab2a240c-9ab2-4040-9ab8-5a1339ed0c1e",
                  "parentUUID": "b3652551-f81d-4a12-bd14-dfac1f6b1eda",
                  "isHook": false,
                  "skipped": false
                }
              ],
              "suites": [],
              "passes": [
                "ab2a240c-9ab2-4040-9ab8-5a1339ed0c1e"
              ],
              "failures": [],
              "pending": [],
              "skipped": [],
              "duration": 1,
              "root": false,
              "rootEmpty": false,
              "_timeout": 2000
            },
            {
              "uuid": "f027aa53-a851-439e-a13f-c76b8c3df59d",
              "title": "multiply()",
              "fullFile": "/Users/maryfilipova/Desktop/unit-testing-js-practice/test/mathUtils.test.mjs",
              "file": "/test/mathUtils.test.mjs",
              "beforeHooks": [],
              "afterHooks": [],
              "tests": [
                {
                  "title": "should return correct product",
                  "fullTitle": "mathUtils multiply() should return correct product",
                  "timedOut": false,
                  "duration": 0,
                  "state": "passed",
                  "speed": "fast",
                  "pass": true,
                  "fail": false,
                  "pending": false,
                  "context": null,
                  "code": "expect(multiply(3, 4)).to.equal(12);",
                  "err": {},
                  "uuid": "6e39d949-028a-4f18-a532-1836ae2c5b56",
                  "parentUUID": "f027aa53-a851-439e-a13f-c76b8c3df59d",
                  "isHook": false,
                  "skipped": false
                }
              ],
              "suites": [],
              "passes": [
                "6e39d949-028a-4f18-a532-1836ae2c5b56"
              ],
              "failures": [],
              "pending": [],
              "skipped": [],
              "duration": 0,
              "root": false,
              "rootEmpty": false,
              "_timeout": 2000
            },
            {
              "uuid": "ecf5ae7a-a1f3-487d-a05b-b0fb31865310",
              "title": "divide()",
              "fullFile": "/Users/maryfilipova/Desktop/unit-testing-js-practice/test/mathUtils.test.mjs",
              "file": "/test/mathUtils.test.mjs",
              "beforeHooks": [],
              "afterHooks": [],
              "tests": [
                {
                  "title": "should return correct result",
                  "fullTitle": "mathUtils divide() should return correct result",
                  "timedOut": false,
                  "duration": 0,
                  "state": "passed",
                  "speed": "fast",
                  "pass": true,
                  "fail": false,
                  "pending": false,
                  "context": null,
                  "code": "expect(divide(10, 2)).to.equal(5);",
                  "err": {},
                  "uuid": "154d15ae-0a02-454e-a45e-58dc0361b832",
                  "parentUUID": "ecf5ae7a-a1f3-487d-a05b-b0fb31865310",
                  "isHook": false,
                  "skipped": false
                },
                {
                  "title": "should throw error when dividing by 0",
                  "fullTitle": "mathUtils divide() should throw error when dividing by 0",
                  "timedOut": false,
                  "duration": 0,
                  "state": "passed",
                  "speed": "fast",
                  "pass": true,
                  "fail": false,
                  "pending": false,
                  "context": null,
                  "code": "expect(() => divide(5, 0)).to.throw('Cannot divide by zero');",
                  "err": {},
                  "uuid": "3ab4ef9f-f65d-4995-a65f-50ee233b64c7",
                  "parentUUID": "ecf5ae7a-a1f3-487d-a05b-b0fb31865310",
                  "isHook": false,
                  "skipped": false
                }
              ],
              "suites": [],
              "passes": [
                "154d15ae-0a02-454e-a45e-58dc0361b832",
                "3ab4ef9f-f65d-4995-a65f-50ee233b64c7"
              ],
              "failures": [],
              "pending": [],
              "skipped": [],
              "duration": 0,
              "root": false,
              "rootEmpty": false,
              "_timeout": 2000
            }
          ],
          "passes": [],
          "failures": [],
          "pending": [],
          "skipped": [],
          "duration": 0,
          "root": false,
          "rootEmpty": false,
          "_timeout": 2000
        },
        {
          "uuid": "dacc4ffb-bfee-4414-9bc2-58360015cee1",
          "title": "stringUtils",
          "fullFile": "/Users/maryfilipova/Desktop/unit-testing-js-practice/test/stringUtils.test.mjs",
          "file": "/test/stringUtils.test.mjs",
          "beforeHooks": [],
          "afterHooks": [],
          "tests": [],
          "suites": [
            {
              "uuid": "e2f843cf-bba7-440a-832a-19faf3ef66c0",
              "title": "capitalize()",
              "fullFile": "/Users/maryfilipova/Desktop/unit-testing-js-practice/test/stringUtils.test.mjs",
              "file": "/test/stringUtils.test.mjs",
              "beforeHooks": [],
              "afterHooks": [],
              "tests": [
                {
                  "title": "should capitalize the first letter",
                  "fullTitle": "stringUtils capitalize() should capitalize the first letter",
                  "timedOut": false,
                  "duration": 0,
                  "state": "passed",
                  "speed": "fast",
                  "pass": true,
                  "fail": false,
                  "pending": false,
                  "context": null,
                  "code": "expect(capitalize('hello')).to.equal('Hello');",
                  "err": {},
                  "uuid": "8666d6f9-483d-4b33-8cdf-ff06a4c08bb4",
                  "parentUUID": "e2f843cf-bba7-440a-832a-19faf3ef66c0",
                  "isHook": false,
                  "skipped": false
                },
                {
                  "title": "should throw error if not string",
                  "fullTitle": "stringUtils capitalize() should throw error if not string",
                  "timedOut": false,
                  "duration": 0,
                  "state": "passed",
                  "speed": "fast",
                  "pass": true,
                  "fail": false,
                  "pending": false,
                  "context": null,
                  "code": "expect(() => capitalize(123)).to.throw('Input must be a string');",
                  "err": {},
                  "uuid": "c40c2154-893c-4857-916b-c8da648ade28",
                  "parentUUID": "e2f843cf-bba7-440a-832a-19faf3ef66c0",
                  "isHook": false,
                  "skipped": false
                }
              ],
              "suites": [],
              "passes": [
                "8666d6f9-483d-4b33-8cdf-ff06a4c08bb4",
                "c40c2154-893c-4857-916b-c8da648ade28"
              ],
              "failures": [],
              "pending": [],
              "skipped": [],
              "duration": 0,
              "root": false,
              "rootEmpty": false,
              "_timeout": 2000
            },
            {
              "uuid": "c681331a-485d-4dd4-b1e9-c095ef82929e",
              "title": "reverseString()",
              "fullFile": "/Users/maryfilipova/Desktop/unit-testing-js-practice/test/stringUtils.test.mjs",
              "file": "/test/stringUtils.test.mjs",
              "beforeHooks": [],
              "afterHooks": [],
              "tests": [
                {
                  "title": "should reverse a string",
                  "fullTitle": "stringUtils reverseString() should reverse a string",
                  "timedOut": false,
                  "duration": 0,
                  "state": "passed",
                  "speed": "fast",
                  "pass": true,
                  "fail": false,
                  "pending": false,
                  "context": null,
                  "code": "expect(reverseString('abc')).to.equal('cba');",
                  "err": {},
                  "uuid": "feaccbcd-cb71-4fcb-ad83-3d08c804e885",
                  "parentUUID": "c681331a-485d-4dd4-b1e9-c095ef82929e",
                  "isHook": false,
                  "skipped": false
                },
                {
                  "title": "should throw error if not string",
                  "fullTitle": "stringUtils reverseString() should throw error if not string",
                  "timedOut": false,
                  "duration": 0,
                  "state": "passed",
                  "speed": "fast",
                  "pass": true,
                  "fail": false,
                  "pending": false,
                  "context": null,
                  "code": "expect(() => reverseString(null)).to.throw('Input must be a string');",
                  "err": {},
                  "uuid": "44658924-05d2-45ca-bce9-e67156b2ea01",
                  "parentUUID": "c681331a-485d-4dd4-b1e9-c095ef82929e",
                  "isHook": false,
                  "skipped": false
                }
              ],
              "suites": [],
              "passes": [
                "feaccbcd-cb71-4fcb-ad83-3d08c804e885",
                "44658924-05d2-45ca-bce9-e67156b2ea01"
              ],
              "failures": [],
              "pending": [],
              "skipped": [],
              "duration": 0,
              "root": false,
              "rootEmpty": false,
              "_timeout": 2000
            },
            {
              "uuid": "514584a0-7c1d-4c0a-8efa-52adcbf91c1a",
              "title": "isPalindrome()",
              "fullFile": "/Users/maryfilipova/Desktop/unit-testing-js-practice/test/stringUtils.test.mjs",
              "file": "/test/stringUtils.test.mjs",
              "beforeHooks": [],
              "afterHooks": [],
              "tests": [
                {
                  "title": "should return true for palindrome",
                  "fullTitle": "stringUtils isPalindrome() should return true for palindrome",
                  "timedOut": false,
                  "duration": 0,
                  "state": "passed",
                  "speed": "fast",
                  "pass": true,
                  "fail": false,
                  "pending": false,
                  "context": null,
                  "code": "expect(isPalindrome('madam')).to.be.true;",
                  "err": {},
                  "uuid": "bbbf77cb-508e-4c48-8e0a-70031cd309ba",
                  "parentUUID": "514584a0-7c1d-4c0a-8efa-52adcbf91c1a",
                  "isHook": false,
                  "skipped": false
                },
                {
                  "title": "should return false for non-palindrome",
                  "fullTitle": "stringUtils isPalindrome() should return false for non-palindrome",
                  "timedOut": false,
                  "duration": 1,
                  "state": "passed",
                  "speed": "fast",
                  "pass": true,
                  "fail": false,
                  "pending": false,
                  "context": null,
                  "code": "expect(isPalindrome('hello')).to.be.false;",
                  "err": {},
                  "uuid": "9cfa753e-61e4-482f-b7e0-b7b05930204d",
                  "parentUUID": "514584a0-7c1d-4c0a-8efa-52adcbf91c1a",
                  "isHook": false,
                  "skipped": false
                },
                {
                  "title": "should throw error if not string",
                  "fullTitle": "stringUtils isPalindrome() should throw error if not string",
                  "timedOut": false,
                  "duration": 0,
                  "state": "passed",
                  "speed": "fast",
                  "pass": true,
                  "fail": false,
                  "pending": false,
                  "context": null,
                  "code": "expect(() => isPalindrome([])).to.throw('Input must be a string');",
                  "err": {},
                  "uuid": "88264326-8248-4191-b6f5-2d4d645aba69",
                  "parentUUID": "514584a0-7c1d-4c0a-8efa-52adcbf91c1a",
                  "isHook": false,
                  "skipped": false
                }
              ],
              "suites": [],
              "passes": [
                "bbbf77cb-508e-4c48-8e0a-70031cd309ba",
                "9cfa753e-61e4-482f-b7e0-b7b05930204d",
                "88264326-8248-4191-b6f5-2d4d645aba69"
              ],
              "failures": [],
              "pending": [],
              "skipped": [],
              "duration": 1,
              "root": false,
              "rootEmpty": false,
              "_timeout": 2000
            }
          ],
          "passes": [],
          "failures": [],
          "pending": [],
          "skipped": [],
          "duration": 0,
          "root": false,
          "rootEmpty": false,
          "_timeout": 2000
        },
        {
          "uuid": "9a08bc86-e646-43da-bf16-f6defa324a0b",
          "title": "checkStudentKnowledge",
          "fullFile": "/Users/maryfilipova/Desktop/unit-testing-js-practice/test/studentKnowledgeCheckerUtil.test.mjs",
          "file": "/test/studentKnowledgeCheckerUtil.test.mjs",
          "beforeHooks": [],
          "afterHooks": [],
          "tests": [
            {
              "title": "should return true if all answers are correct",
              "fullTitle": "checkStudentKnowledge should return true if all answers are correct",
              "timedOut": false,
              "duration": 0,
              "state": "passed",
              "speed": "fast",
              "pass": true,
              "fail": false,
              "pending": false,
              "context": null,
              "code": "const student = { q1: 'a', q2: 'b' };\nconst correct = { q1: 'a', q2: 'b' };\nexpect(checkStudentKnowledge(student, correct)).to.be.true;",
              "err": {},
              "uuid": "f602d56d-be9d-4559-ae16-a8d4a6a58fa1",
              "parentUUID": "9a08bc86-e646-43da-bf16-f6defa324a0b",
              "isHook": false,
              "skipped": false
            },
            {
              "title": "should return false if answers are incorrect",
              "fullTitle": "checkStudentKnowledge should return false if answers are incorrect",
              "timedOut": false,
              "duration": 0,
              "state": "passed",
              "speed": "fast",
              "pass": true,
              "fail": false,
              "pending": false,
              "context": null,
              "code": "const student = { q1: 'a', q2: 'x' };\nconst correct = { q1: 'a', q2: 'b' };\nexpect(checkStudentKnowledge(student, correct)).to.be.false;",
              "err": {},
              "uuid": "27781175-8eba-4924-8201-e0b637418a36",
              "parentUUID": "9a08bc86-e646-43da-bf16-f6defa324a0b",
              "isHook": false,
              "skipped": false
            },
            {
              "title": "should return false if keys are different",
              "fullTitle": "checkStudentKnowledge should return false if keys are different",
              "timedOut": false,
              "duration": 0,
              "state": "passed",
              "speed": "fast",
              "pass": true,
              "fail": false,
              "pending": false,
              "context": null,
              "code": "const student = { q1: 'a', q3: 'b' };\nconst correct = { q1: 'a', q2: 'b' };\nexpect(checkStudentKnowledge(student, correct)).to.be.false;",
              "err": {},
              "uuid": "95a8dc5b-d0c9-4063-9e68-84a4b8363454",
              "parentUUID": "9a08bc86-e646-43da-bf16-f6defa324a0b",
              "isHook": false,
              "skipped": false
            }
          ],
          "suites": [],
          "passes": [
            "f602d56d-be9d-4559-ae16-a8d4a6a58fa1",
            "27781175-8eba-4924-8201-e0b637418a36",
            "95a8dc5b-d0c9-4063-9e68-84a4b8363454"
          ],
          "failures": [],
          "pending": [],
          "skipped": [],
          "duration": 0,
          "root": false,
          "rootEmpty": false,
          "_timeout": 2000
        },
        {
          "uuid": "f1ad9255-3766-4515-8bc4-63e8c913e1c3",
          "title": "usersListUtils",
          "fullFile": "/Users/maryfilipova/Desktop/unit-testing-js-practice/test/usersListUtils.test.mjs",
          "file": "/test/usersListUtils.test.mjs",
          "beforeHooks": [],
          "afterHooks": [],
          "tests": [
            {
              "title": "should filter users by age",
              "fullTitle": "usersListUtils should filter users by age",
              "timedOut": false,
              "duration": 0,
              "state": "passed",
              "speed": "fast",
              "pass": true,
              "fail": false,
              "pending": false,
              "context": null,
              "code": "const result = filterUsersByAge(users, 21, 30);\nexpect(result).to.deep.equal([users[0], users[1]]);",
              "err": {},
              "uuid": "5cedcb89-5088-49ea-8bf2-778cea41a36c",
              "parentUUID": "f1ad9255-3766-4515-8bc4-63e8c913e1c3",
              "isHook": false,
              "skipped": false
            },
            {
              "title": "should sort users by name",
              "fullTitle": "usersListUtils should sort users by name",
              "timedOut": false,
              "duration": 6,
              "state": "passed",
              "speed": "fast",
              "pass": true,
              "fail": false,
              "pending": false,
              "context": null,
              "code": "const result = sortUsersByName(users);\nexpect(result.map(u => u.name)).to.eql(['Alice', 'Bob', 'Charlie']);",
              "err": {},
              "uuid": "a5044048-8e69-42f3-929a-0b36a24e6589",
              "parentUUID": "f1ad9255-3766-4515-8bc4-63e8c913e1c3",
              "isHook": false,
              "skipped": false
            },
            {
              "title": "should find user by ID",
              "fullTitle": "usersListUtils should find user by ID",
              "timedOut": false,
              "duration": 0,
              "state": "passed",
              "speed": "fast",
              "pass": true,
              "fail": false,
              "pending": false,
              "context": null,
              "code": "const result = findUserById(users, 2);\nexpect(result).to.deep.equal(users[1]);",
              "err": {},
              "uuid": "044282dd-7f2d-4773-bbb5-35e5af9def2e",
              "parentUUID": "f1ad9255-3766-4515-8bc4-63e8c913e1c3",
              "isHook": false,
              "skipped": false
            },
            {
              "title": "should return null if user ID not found",
              "fullTitle": "usersListUtils should return null if user ID not found",
              "timedOut": false,
              "duration": 0,
              "state": "passed",
              "speed": "fast",
              "pass": true,
              "fail": false,
              "pending": false,
              "context": null,
              "code": "const result = findUserById(users, 999);\nexpect(result).to.be.null;",
              "err": {},
              "uuid": "aef84692-8a97-48ad-9061-4f6620f89d5f",
              "parentUUID": "f1ad9255-3766-4515-8bc4-63e8c913e1c3",
              "isHook": false,
              "skipped": false
            },
            {
              "title": "should detect if email is taken",
              "fullTitle": "usersListUtils should detect if email is taken",
              "timedOut": false,
              "duration": 0,
              "state": "passed",
              "speed": "fast",
              "pass": true,
              "fail": false,
              "pending": false,
              "context": null,
              "code": "expect(isEmailTaken(users, 'alice@example.com')).to.be.true;",
              "err": {},
              "uuid": "2c555393-43d2-43d4-be06-70bce2aea4f8",
              "parentUUID": "f1ad9255-3766-4515-8bc4-63e8c913e1c3",
              "isHook": false,
              "skipped": false
            },
            {
              "title": "should return false if email is not taken",
              "fullTitle": "usersListUtils should return false if email is not taken",
              "timedOut": false,
              "duration": 0,
              "state": "passed",
              "speed": "fast",
              "pass": true,
              "fail": false,
              "pending": false,
              "context": null,
              "code": "expect(isEmailTaken(users, 'notfound@example.com')).to.be.false;",
              "err": {},
              "uuid": "357a4833-dc35-4965-a539-1fef38f6a7f1",
              "parentUUID": "f1ad9255-3766-4515-8bc4-63e8c913e1c3",
              "isHook": false,
              "skipped": false
            }
          ],
          "suites": [],
          "passes": [
            "5cedcb89-5088-49ea-8bf2-778cea41a36c",
            "a5044048-8e69-42f3-929a-0b36a24e6589",
            "044282dd-7f2d-4773-bbb5-35e5af9def2e",
            "aef84692-8a97-48ad-9061-4f6620f89d5f",
            "2c555393-43d2-43d4-be06-70bce2aea4f8",
            "357a4833-dc35-4965-a539-1fef38f6a7f1"
          ],
          "failures": [],
          "pending": [],
          "skipped": [],
          "duration": 6,
          "root": false,
          "rootEmpty": false,
          "_timeout": 2000
        }
      ],
      "passes": [],
      "failures": [],
      "pending": [],
      "skipped": [],
      "duration": 0,
      "root": true,
      "rootEmpty": true,
      "_timeout": 2000
    }
  ],
  "meta": {
    "mocha": {
      "version": "11.1.0"
    },
    "mochawesome": {
      "options": {
        "quiet": false,
        "reportFilename": "mochawesome",
        "saveHtml": true,
        "saveJson": true,
        "consoleReporter": "spec",
        "useInlineDiffs": false,
        "code": true
      },
      "version": "7.1.3"
    },
    "marge": {
      "options": null,
      "version": "6.2.0"
    }
  }
}